[debug] [2021-05-17T21:14:35.163Z] ----------------------------------------------------------------------
[debug] [2021-05-17T21:14:35.164Z] Command:       /opt/homebrew/Cellar/node/16.1.0/bin/node /opt/homebrew/bin/firebase init
[debug] [2021-05-17T21:14:35.164Z] CLI Version:   9.10.2
[debug] [2021-05-17T21:14:35.164Z] Platform:      darwin
[debug] [2021-05-17T21:14:35.164Z] Node Version:  v16.1.0
[debug] [2021-05-17T21:14:35.165Z] Time:          Tue May 18 2021 00:14:35 GMT+0300 (Israel Daylight Time)
[debug] [2021-05-17T21:14:35.165Z] ----------------------------------------------------------------------
[debug] 
[debug] [2021-05-17T21:14:35.166Z] > command requires scopes: ["email","openid","https://www.googleapis.com/auth/cloudplatformprojects.readonly","https://www.googleapis.com/auth/firebase","https://www.googleapis.com/auth/cloud-platform"]
[debug] [2021-05-17T21:14:35.167Z] > authorizing via signed-in user (israelpeled@gmail.com)
[info] 
     ######## #### ########  ######## ########     ###     ######  ########
     ##        ##  ##     ## ##       ##     ##  ##   ##  ##       ##
     ######    ##  ########  ######   ########  #########  ######  ######
     ##        ##  ##    ##  ##       ##     ## ##     ##       ## ##
     ##       #### ##     ## ######## ########  ##     ##  ######  ########

You're about to initialize a Firebase project in this directory:

  /Users/israelpeled/Documents/GitHub/simplefolio

[info] 
=== Project Setup
[info] 
[info] First, let's associate this project directory with a Firebase project.
[info] You can create multiple project aliases by running firebase use --add, 
[info] but for now we'll just set up a default project.
[info] 
[debug] [2021-05-17T21:15:18.812Z] >>> [apiv2][query] GET https://firebase.googleapis.com/v1beta1/projects pageSize=100
[debug] [2021-05-17T21:15:19.400Z] <<< [apiv2][status] GET https://firebase.googleapis.com/v1beta1/projects 200
[debug] [2021-05-17T21:15:19.401Z] <<< [apiv2][body] GET https://firebase.googleapis.com/v1beta1/projects [omitted]
[info] i  Using project simplefolio-israelpeled (simplefolio) 
[info] 
=== Hosting Setup
[info] 
[info] Your public directory is the folder (relative to your project directory) that
[info] will contain Hosting assets to be uploaded with firebase deploy. If you
[info] have a build process for your assets, use your build's output directory.
[info] 
[debug] [2021-05-17T21:16:13.998Z] >>> [apiv2][query] GET https://www.gstatic.com/firebasejs/releases.json [none]
[debug] [2021-05-17T21:16:14.274Z] <<< [apiv2][status] GET https://www.gstatic.com/firebasejs/releases.json 200
[debug] [2021-05-17T21:16:14.275Z] <<< [apiv2][body] GET https://www.gstatic.com/firebasejs/releases.json {"current":{"version":"8.6.1","browserURL":"https://www.gstatic.com/firebasejs/8.6.1/firebase.js","packageURL":"https://www.gstatic.com/firebasejs/8.6.1/firebase.tgz"},"live":{"version":"8.6","browserURL":"https://www.gstatic.com/firebasejs/live/8.6/firebase.js","packageURL":"https://www.gstatic.com/firebasejs/live/8.6/firebase.tgz"},"components":{"analytics":"https://www.gstatic.com/firebasejs/8.6.1/firebase-analytics.js","app":"https://www.gstatic.com/firebasejs/8.6.1/firebase-app.js","app-check":"https://www.gstatic.com/firebasejs/8.6.1/firebase-app-check.js","auth":"https://www.gstatic.com/firebasejs/8.6.1/firebase-auth.js","database":"https://www.gstatic.com/firebasejs/8.6.1/firebase-database.js","firestore":"https://www.gstatic.com/firebasejs/8.6.1/firebase-firestore.js","functions":"https://www.gstatic.com/firebasejs/8.6.1/firebase-functions.js","installations":"https://www.gstatic.com/firebasejs/8.6.1/firebase-installations.js","messaging":"https://www.gstatic.com/firebasejs/8.6.1/firebase-messaging.js","storage":"https://www.gstatic.com/firebasejs/8.6.1/firebase-storage.js","performance":"https://www.gstatic.com/firebasejs/8.6.1/firebase-performance.js","remote-config":"https://www.gstatic.com/firebasejs/8.6.1/firebase-remote-config.js","firestore.memory":"https://www.gstatic.com/firebasejs/8.6.1/firebase-firestore.memory.js"}}
[info] ✔  Wrote public/index.html 
[info] 
[info] i  Detected a .git folder at /Users/israelpeled/Documents/GitHub/simplefolio 
[info] i  Authorizing with GitHub to upload your service account to a GitHub repository's secrets store. 
[info] 
[info] Visit this URL on this device to log in:
[info] https://github.com/login/oauth/authorize?client_id=89cf50f02ac6aaed3484&state=236084564&redirect_uri=http%3A%2F%2Flocalhost%3A9005&scope=read%3Auser%20repo%20public_repo
[info] 
[info] Waiting for authentication...
[debug] [2021-05-17T21:17:29.334Z] >>> HTTP REQUEST POST https://github.com/login/oauth/access_token  
 {"client_id":"89cf50f02ac6aaed3484","client_secret":"3330d14abc895d9a74d5f17cd7a00711fa2c5bf0","code":"2977a0530b0dcd1b048a","redirect_uri":"http://localhost:9005","state":"236084564"}
[debug] [2021-05-17T21:17:29.770Z] <<< HTTP RESPONSE 200 {"server":"GitHub.com","date":"Mon, 17 May 2021 21:17:29 GMT","content-type":"application/json; charset=utf-8","transfer-encoding":"chunked","vary":"X-PJAX, Accept-Encoding, Accept, X-Requested-With","permissions-policy":"interest-cohort=()","etag":"W/\"57f801ff86aeaa606cc88ffa34376348\"","cache-control":"max-age=0, private, must-revalidate","strict-transport-security":"max-age=31536000; includeSubdomains; preload","x-frame-options":"deny","x-content-type-options":"nosniff","x-xss-protection":"0","referrer-policy":"origin-when-cross-origin, strict-origin-when-cross-origin","expect-ct":"max-age=2592000, report-uri=\"https://api.github.com/_private/browser/errors\"","content-security-policy":"default-src 'none'; base-uri 'self'; block-all-mixed-content; connect-src 'self' uploads.github.com www.githubstatus.com collector.githubapp.com api.github.com github-cloud.s3.amazonaws.com github-production-repository-file-5c1aeb.s3.amazonaws.com github-production-upload-manifest-file-7fdce7.s3.amazonaws.com github-production-user-asset-6210df.s3.amazonaws.com cdn.optimizely.com logx.optimizely.com/v1/events wss://alive.github.com; font-src github.githubassets.com; form-action 'self' github.com gist.github.com; frame-ancestors 'none'; frame-src render.githubusercontent.com; img-src 'self' data: github.githubassets.com identicons.github.com collector.githubapp.com github-cloud.s3.amazonaws.com secured-user-images.githubusercontent.com/ *.githubusercontent.com; manifest-src 'self'; media-src 'none'; script-src github.githubassets.com; style-src 'unsafe-inline' github.githubassets.com; worker-src github.com/socket-worker-3f088aa2.js gist.github.com/socket-worker-3f088aa2.js","x-github-request-id":"C9A7:7FE6:3CA1FE8:3EEFBEF:60A2DD69"}
[debug] [2021-05-17T21:17:29.773Z] >>> [apiv2][query] GET https://api.github.com/user [none]
[debug] [2021-05-17T21:17:30.169Z] <<< [apiv2][status] GET https://api.github.com/user 200
[debug] [2021-05-17T21:17:30.169Z] <<< [apiv2][body] GET https://api.github.com/user {"login":"israelpeled","id":25673816,"node_id":"MDQ6VXNlcjI1NjczODE2","avatar_url":"https://avatars.githubusercontent.com/u/25673816?v=4","gravatar_id":"","url":"https://api.github.com/users/israelpeled","html_url":"https://github.com/israelpeled","followers_url":"https://api.github.com/users/israelpeled/followers","following_url":"https://api.github.com/users/israelpeled/following{/other_user}","gists_url":"https://api.github.com/users/israelpeled/gists{/gist_id}","starred_url":"https://api.github.com/users/israelpeled/starred{/owner}{/repo}","subscriptions_url":"https://api.github.com/users/israelpeled/subscriptions","organizations_url":"https://api.github.com/users/israelpeled/orgs","repos_url":"https://api.github.com/users/israelpeled/repos","events_url":"https://api.github.com/users/israelpeled/events{/privacy}","received_events_url":"https://api.github.com/users/israelpeled/received_events","type":"User","site_admin":false,"name":"Israel Peled","company":null,"blog":"https://www.israelpeled.com/","location":"israel","email":null,"hireable":true,"bio":"Full Stack Developer. Loves fintech and decentralized technologies. \r\nearly adopter In my soul","twitter_username":"israelpeled","public_repos":10,"public_gists":1,"followers":2,"following":14,"created_at":"2017-02-09T22:26:33Z","updated_at":"2021-05-17T21:17:29Z","private_gists":0,"total_private_repos":0,"owned_private_repos":0,"disk_usage":8019,"collaborators":0,"two_factor_authentication":false,"plan":{"name":"free","space":976562499,"collaborators":0,"private_repos":10000}}
[info] 
[info] ✔  Success! Logged into GitHub as israelpeled 
[info] 
[debug] [2021-05-17T21:17:44.097Z] >>> [apiv2][query] GET https://api.github.com/repos//actions/secrets/public-key type=owner
[debug] [2021-05-17T21:17:44.410Z] <<< [apiv2][status] GET https://api.github.com/repos//actions/secrets/public-key 404
[debug] [2021-05-17T21:17:44.410Z] <<< [apiv2][body] GET https://api.github.com/repos//actions/secrets/public-key {"message":"Not Found","documentation_url":"https://docs.github.com/rest"}
[debug] [2021-05-17T21:17:50.947Z] >>> [apiv2][query] GET https://api.github.com/repos//actions/secrets/public-key type=owner
[debug] [2021-05-17T21:17:51.255Z] <<< [apiv2][status] GET https://api.github.com/repos//actions/secrets/public-key 404
[debug] [2021-05-17T21:17:51.257Z] <<< [apiv2][body] GET https://api.github.com/repos//actions/secrets/public-key {"message":"Not Found","documentation_url":"https://docs.github.com/rest"}
